<?xml version="1.0" encoding="UTF-8"?>
<!-- Generated by org.testng.reporters.JUnitReportReporter -->
<testsuite hostname="RATHINASURYA" failures="0" tests="2" name="MavenPractice.SampleTest3" time="0.013" errors="0" timestamp="2023-01-18T14:30:45 IST" skipped="0">
  <testcase classname="MavenPractice.SampleTest3" name="datatest5" time="0.011"/>
  <system-out/>
  <testcase classname="MavenPractice.SampleTest3" name="datatest6" time="0.002"/>
  <system-out/>
</testsuite> <!-- MavenPractice.SampleTest3 -->
