<?xml version="1.0" encoding="UTF-8"?>
<!-- Generated by org.testng.reporters.JUnitReportReporter -->
<testsuite hostname="RATHINASURYA" failures="0" tests="2" name="MavenPractice.SampleTest2" time="0.004" errors="0" timestamp="2023-01-18T14:30:45 IST" skipped="0">
  <testcase classname="MavenPractice.SampleTest2" name="Datatest3" time="0.002"/>
  <system-out/>
  <testcase classname="MavenPractice.SampleTest2" name="Datatest4" time="0.002"/>
  <system-out/>
</testsuite> <!-- MavenPractice.SampleTest2 -->
