<?xml version="1.0" encoding="UTF-8"?>
<!-- Generated by org.testng.reporters.JUnitReportReporter -->
<testsuite hostname="RATHINASURYA" failures="0" tests="2" name="MavenPractice.SampleTest1" time="0.002" errors="0" timestamp="2023-01-18T14:30:45 IST" skipped="0">
  <testcase classname="MavenPractice.SampleTest1" name="modifyDatatest" time="0.001"/>
  <system-out/>
  <testcase classname="MavenPractice.SampleTest1" name="Datatest1" time="0.001"/>
  <system-out/>
</testsuite> <!-- MavenPractice.SampleTest1 -->
